0 info it worked if it ends with ok
1 verbose cli [ 'node', '/usr/local/bin/npm', 'version', 'patch' ]
2 info using npm@2.11.3
3 info using node@v0.12.7
4 info preversion ArrowHorn@0.1.4
5 info git [ 'status', '--porcelain' ]
6 verbose stack Error: Error: Git working directory not clean.
6 verbose stack D ArrowHorn-darwin-x64/ArrowHorn.app/Contents/Resources/app.asar
6 verbose stack D iStock_000041711126_Small.jpg
6 verbose stack D npm-debug.log
6 verbose stack     at /usr/local/lib/node_modules/npm/lib/version.js:71:23
6 verbose stack     at /usr/local/lib/node_modules/npm/lib/version.js:151:34
6 verbose stack     at ChildProcess.exithandler (child_process.js:742:7)
6 verbose stack     at ChildProcess.emit (events.js:110:17)
6 verbose stack     at maybeClose (child_process.js:1015:16)
6 verbose stack     at Socket.<anonymous> (child_process.js:1183:11)
6 verbose stack     at Socket.emit (events.js:107:17)
6 verbose stack     at Pipe.close (net.js:485:12)
7 verbose cwd /Users/kevinmcdonald/Downloads/ArrowHorn
8 error Darwin 14.5.0
9 error argv "node" "/usr/local/bin/npm" "version" "patch"
10 error node v0.12.7
11 error npm  v2.11.3
12 error Error: Git working directory not clean.
12 error D ArrowHorn-darwin-x64/ArrowHorn.app/Contents/Resources/app.asar
12 error D iStock_000041711126_Small.jpg
12 error D npm-debug.log
13 error If you need help, you may report this error at:
13 error     <https://github.com/npm/npm/issues>
14 verbose exit [ 1, true ]
